<?xml version="1.0" encoding="utf-8"?><testsuites name="pytest tests"><testsuite name="pytest" errors="0" failures="0" skipped="0" tests="28" time="3.666" timestamp="2026-08-11T20:42:25.208192+00:00" hostname="agent-env-bc42c2c3-563e-4842-bfce-bccd2831c907"><testcase classname="tests.test_universal_bnb.TestUniversalBnbFormat" name="test_jobs_have_universal_id_and_record_type" time="0.261" /><testcase classname="tests.test_universal_bnb.TestExcelExports" name="test_export_xlsx[jobs]" time="0.293" /><testcase classname="tests.test_universal_bnb.TestUniversalBnbFormat" name="test_tenders_have_universal_id" time="0.054" /><testcase classname="tests.test_universal_bnb.TestExcelExports" name="test_export_xlsx[tenders]" time="0.060" /><testcase classname="tests.test_universal_bnb.TestUniversalBnbFormat" name="test_wr_have_universal_id" time="0.093" /><testcase classname="tests.test_universal_bnb.TestExcelExports" name="test_export_xlsx[work-requirements]" time="0.062" /><testcase classname="tests.test_universal_bnb.TestUniversalBnbFormat" name="test_knowledge_have_universal_id" time="0.088" /><testcase classname="tests.test_universal_bnb.TestExcelExports" name="test_export_xlsx[knowledge]" time="0.054" /><testcase classname="tests.test_universal_bnb.TestExcelExports" name="test_export_xlsx[resumes]" time="0.052" /><testcase classname="tests.test_universal_bnb.TestUniversalBnbFormat" name="test_public_jobs_universal" time="0.187" /><testcase classname="tests.test_universal_bnb.TestExcelExports" name="test_export_xlsx[vendors]" time="0.059" /><testcase classname="tests.test_universal_bnb.TestExcelExports" name="test_export_requires_auth" time="0.187" /><testcase classname="tests.test_universal_bnb.TestUniversalBnbFormat" name="test_public_tenders_universal" time="0.065" /><testcase classname="tests.test_universal_bnb.TestUniversalBnbFormat" name="test_public_wr_universal" time="0.070" /><testcase classname="tests.test_universal_bnb.TestPrivateStatusActions" name="test_resume_status_flow" time="0.375" /><testcase classname="tests.test_universal_bnb.TestUniversalBnbFormat" name="test_public_knowledge_universal" time="0.107" /><testcase classname="tests.test_universal_bnb.TestPrivateIsolation" name="test_no_public_resumes_list" time="0.105" /><testcase classname="tests.test_universal_bnb.TestPrivateIsolation" name="test_no_public_vendors_list" time="0.065" /><testcase classname="tests.test_universal_bnb.TestPrivateIsolation" name="test_knowledge_public_strips_author_contact" time="0.193" /><testcase classname="tests.test_universal_bnb.TestPrivateStatusActions" name="test_vendor_status_flow" time="0.409" /><testcase classname="tests.test_universal_bnb.TestAdminStats" name="test_stats_shape" time="0.054" /><testcase classname="tests.test_universal_bnb.TestAdminStats" name="test_stats_requires_auth" time="0.068" /><testcase classname="tests.test_universal_bnb.TestKnowledgeNewFields" name="test_submit_knowledge_with_new_fields" time="0.502" /><testcase classname="tests.test_universal_bnb.TestPrivateStatusActions" name="test_status_requires_auth" time="0.150" /><testcase classname="tests.test_universal_bnb.TestPrivateStatusActions" name="test_invalid_status_rejected" time="0.054" /><testcase classname="tests.test_universal_bnb.TestZCleanup" name="test_cleanup" time="0.346" /><testcase classname="tests.test_universal_bnb.TestKnowledgeNewFields" name="test_submit_knowledge_missing_declaration" time="0.119" /><testcase classname="tests.test_universal_bnb.TestUniversalCounter" name="test_sequence_shared_across_modules" time="1.164" /></testsuite></testsuites>