<?xml version="1.0" encoding="utf-8"?><testsuites name="pytest tests"><testsuite name="pytest" errors="0" failures="0" skipped="0" tests="82" time="29.915" timestamp="2026-08-11T20:49:51.177666+00:00" hostname="agent-env-bc42c2c3-563e-4842-bfce-bccd2831c907"><testcase classname="tests.backend_test.TestAdminAuth" name="test_admin_jobs_requires_auth" time="0.305" /><testcase classname="tests.backend_test.TestAdminAuth" name="test_admin_tenders_requires_auth" time="0.080" /><testcase classname="tests.backend_test.TestAdminAuth" name="test_admin_login_wrong_password" time="0.068" /><testcase classname="tests.backend_test.TestAdminAuth" name="test_admin_login_success" time="0.059" /><testcase classname="tests.backend_test.TestAdminAuth" name="test_admin_with_token_ok" time="0.526" /><testcase classname="tests.backend_test.TestAdminAuth" name="test_admin_with_bad_token" time="0.124" /><testcase classname="tests.backend_test.TestPublic" name="test_meta" time="0.069" /><testcase classname="tests.backend_test.TestPublic" name="test_list_jobs_public_view" time="0.067" /><testcase classname="tests.backend_test.TestPublic" name="test_list_tenders_default_no_expired" time="0.228" /><testcase classname="tests.backend_test.TestPublic" name="test_list_tenders_include_expired" time="0.104" /><testcase classname="tests.backend_test.TestPublic" name="test_get_job_by_bnb_id" time="0.072" /><testcase classname="tests.backend_test.TestSubmissions" name="test_submit_minimal_kind_only" time="0.174" /><testcase classname="tests.backend_test.TestSubmissions" name="test_minimal_submission_hidden_from_public" time="0.315" /><testcase classname="tests.backend_test.TestSubmissions" name="test_submit_job_with_new_fields" time="0.131" /><testcase classname="tests.backend_test.TestSubmissions" name="test_submit_tender_minimal" time="0.127" /><testcase classname="tests.backend_test.TestNewFields" name="test_admin_create_job_with_collar_trade" time="0.309" /><testcase classname="tests.backend_test.TestNewFields" name="test_admin_create_tender_with_authority_type" time="0.363" /><testcase classname="tests.backend_test.TestSitemap" name="test_sitemap_xml" time="0.199" /><testcase classname="tests.backend_test.TestUpload" name="test_upload_download" time="1.116" /><testcase classname="tests.backend_test.TestZCleanup" name="test_cleanup_test_prefixed" time="1.338" /><testcase classname="tests.test_phase2_knowledge.TestKnowledgeSubmit" name="test_submit_requires_declaration" time="0.188" /><testcase classname="tests.test_phase2_knowledge.TestKnowledgeSubmit" name="test_submit_requires_content" time="0.218" /><testcase classname="tests.test_phase2_knowledge.TestKnowledgeSubmit" name="test_submit_ok" time="0.155" /><testcase classname="tests.test_phase2_knowledge.TestKnowledgeSubmit" name="test_pending_not_public" time="0.272" /><testcase classname="tests.test_phase2_knowledge.TestKnowledgeAdmin" name="test_admin_lists_pending" time="0.195" /><testcase classname="tests.test_phase2_knowledge.TestKnowledgeAdmin" name="test_admin_publish" time="0.197" /><testcase classname="tests.test_phase2_knowledge.TestKnowledgeAdmin" name="test_public_list_shows_published" time="0.635" /><testcase classname="tests.test_phase2_knowledge.TestKnowledgeAdmin" name="test_public_detail_by_slug" time="0.133" /><testcase classname="tests.test_phase2_knowledge.TestKnowledgeAdmin" name="test_public_detail_by_bnb_id" time="0.286" /><testcase classname="tests.test_phase2_knowledge.TestKnowledgeAdmin" name="test_admin_create_direct" time="0.768" /><testcase classname="tests.test_phase2_knowledge.TestKnowledgeAdmin" name="test_meta_has_knowledge_tags" time="0.089" /><testcase classname="tests.test_phase2_knowledge.TestWorkRequirements" name="test_submit_contact_invalid_rejected" time="0.235" /><testcase classname="tests.test_phase2_knowledge.TestWorkRequirements" name="test_submit_ok_no_contact" time="0.176" /><testcase classname="tests.test_phase2_knowledge.TestWorkRequirements" name="test_submit_ok_with_email" time="0.296" /><testcase classname="tests.test_phase2_knowledge.TestWorkRequirements" name="test_submit_ok_with_10digit_mobile" time="0.179" /><testcase classname="tests.test_phase2_knowledge.TestWorkRequirements" name="test_wr_pending_not_public" time="0.205" /><testcase classname="tests.test_phase2_knowledge.TestWorkRequirements" name="test_admin_approve_wr" time="0.525" /><testcase classname="tests.test_phase2_knowledge.TestJobApplicantUrl" name="test_job_field_present_optional" time="0.086" /><testcase classname="tests.test_phase2_knowledge.TestResumePrivacy" name="test_submit_resume" time="0.187" /><testcase classname="tests.test_phase2_knowledge.TestResumePrivacy" name="test_resume_not_public_endpoints" time="0.075" /><testcase classname="tests.test_phase2_knowledge.TestResumePrivacy" name="test_resume_admin_lists" time="0.202" /><testcase classname="tests.test_phase2_knowledge.TestResumePrivacy" name="test_resume_admin_requires_auth" time="0.251" /><testcase classname="tests.test_phase2_knowledge.TestVendorPrivacy" name="test_submit_vendor" time="0.096" /><testcase classname="tests.test_phase2_knowledge.TestVendorPrivacy" name="test_vendor_not_public_endpoints" time="0.245" /><testcase classname="tests.test_phase2_knowledge.TestVendorPrivacy" name="test_vendor_admin_lists" time="0.152" /><testcase classname="tests.test_phase2_knowledge.TestVendorPrivacy" name="test_vendor_admin_requires_auth" time="0.095" /><testcase classname="tests.test_phase2_knowledge.TestExports" name="test_export_xlsx[jobs]" time="0.075" /><testcase classname="tests.test_phase2_knowledge.TestExports" name="test_export_xlsx[tenders]" time="0.071" /><testcase classname="tests.test_phase2_knowledge.TestExports" name="test_export_xlsx[work-requirements]" time="0.276" /><testcase classname="tests.test_phase2_knowledge.TestExports" name="test_export_xlsx[knowledge]" time="0.153" /><testcase classname="tests.test_phase2_knowledge.TestExports" name="test_export_xlsx[resumes]" time="0.099" /><testcase classname="tests.test_phase2_knowledge.TestExports" name="test_export_xlsx[vendors]" time="0.069" /><testcase classname="tests.test_phase2_knowledge.TestExports" name="test_export_requires_auth" time="0.241" /><testcase classname="tests.test_phase2_knowledge.TestZCleanup" name="test_cleanup" time="1.350" /><testcase classname="tests.test_universal_bnb.TestUniversalBnbFormat" name="test_jobs_have_universal_id_and_record_type" time="1.691" /><testcase classname="tests.test_universal_bnb.TestUniversalBnbFormat" name="test_tenders_have_universal_id" time="0.234" /><testcase classname="tests.test_universal_bnb.TestUniversalBnbFormat" name="test_wr_have_universal_id" time="0.231" /><testcase classname="tests.test_universal_bnb.TestUniversalBnbFormat" name="test_knowledge_have_universal_id" time="0.192" /><testcase classname="tests.test_universal_bnb.TestUniversalBnbFormat" name="test_public_jobs_universal" time="0.242" /><testcase classname="tests.test_universal_bnb.TestUniversalBnbFormat" name="test_public_tenders_universal" time="0.067" /><testcase classname="tests.test_universal_bnb.TestUniversalBnbFormat" name="test_public_wr_universal" time="0.062" /><testcase classname="tests.test_universal_bnb.TestUniversalBnbFormat" name="test_public_knowledge_universal" time="0.458" /><testcase classname="tests.test_universal_bnb.TestUniversalCounter" name="test_sequence_shared_across_modules" time="1.154" /><testcase classname="tests.test_universal_bnb.TestAdminStats" name="test_stats_shape" time="0.243" /><testcase classname="tests.test_universal_bnb.TestAdminStats" name="test_stats_requires_auth" time="0.059" /><testcase classname="tests.test_universal_bnb.TestPrivateStatusActions" name="test_resume_status_flow" time="1.124" /><testcase classname="tests.test_universal_bnb.TestPrivateStatusActions" name="test_vendor_status_flow" time="1.340" /><testcase classname="tests.test_universal_bnb.TestPrivateStatusActions" name="test_status_requires_auth" time="0.132" /><testcase classname="tests.test_universal_bnb.TestPrivateStatusActions" name="test_invalid_status_rejected" time="0.221" /><testcase classname="tests.test_universal_bnb.TestPrivateIsolation" name="test_no_public_resumes_list" time="0.223" /><testcase classname="tests.test_universal_bnb.TestPrivateIsolation" name="test_no_public_vendors_list" time="0.222" /><testcase classname="tests.test_universal_bnb.TestPrivateIsolation" name="test_knowledge_public_strips_author_contact" time="0.513" /><testcase classname="tests.test_universal_bnb.TestExcelExports" name="test_export_xlsx[jobs]" time="0.483" /><testcase classname="tests.test_universal_bnb.TestExcelExports" name="test_export_xlsx[tenders]" time="0.243" /><testcase classname="tests.test_universal_bnb.TestExcelExports" name="test_export_xlsx[work-requirements]" time="0.193" /><testcase classname="tests.test_universal_bnb.TestExcelExports" name="test_export_xlsx[knowledge]" time="0.217" /><testcase classname="tests.test_universal_bnb.TestExcelExports" name="test_export_xlsx[resumes]" time="0.949" /><testcase classname="tests.test_universal_bnb.TestExcelExports" name="test_export_xlsx[vendors]" time="0.248" /><testcase classname="tests.test_universal_bnb.TestExcelExports" name="test_export_requires_auth" time="0.060" /><testcase classname="tests.test_universal_bnb.TestKnowledgeNewFields" name="test_submit_knowledge_with_new_fields" time="0.757" /><testcase classname="tests.test_universal_bnb.TestKnowledgeNewFields" name="test_submit_knowledge_missing_declaration" time="0.235" /><testcase classname="tests.test_universal_bnb.TestZCleanup" name="test_cleanup" time="3.787" /></testsuite></testsuites>