<?xml version="1.0" encoding="utf-8"?><testsuites name="pytest tests"><testsuite name="pytest" errors="0" failures="0" skipped="0" tests="20" time="5.957" timestamp="2026-08-08T19:25:02.826200+00:00" hostname="agent-env-bc42c2c3-563e-4842-bfce-bccd2831c907"><testcase classname="tests.backend_test.TestPublic" name="test_meta" time="0.285" /><testcase classname="tests.backend_test.TestAdminAuth" name="test_admin_jobs_requires_auth" time="0.326" /><testcase classname="tests.backend_test.TestPublic" name="test_list_jobs_public_view" time="0.044" /><testcase classname="tests.backend_test.TestAdminAuth" name="test_admin_tenders_requires_auth" time="0.081" /><testcase classname="tests.backend_test.TestPublic" name="test_list_tenders_default_no_expired" time="0.048" /><testcase classname="tests.backend_test.TestPublic" name="test_list_tenders_include_expired" time="0.045" /><testcase classname="tests.backend_test.TestAdminAuth" name="test_admin_login_wrong_password" time="0.083" /><testcase classname="tests.backend_test.TestPublic" name="test_get_job_by_bnb_id" time="0.045" /><testcase classname="tests.backend_test.TestSubmissions" name="test_submit_minimal_kind_only" time="0.245" /><testcase classname="tests.backend_test.TestAdminAuth" name="test_admin_login_success" time="0.050" /><testcase classname="tests.backend_test.TestAdminAuth" name="test_admin_with_token_ok" time="0.223" /><testcase classname="tests.backend_test.TestSubmissions" name="test_minimal_submission_hidden_from_public" time="0.088" /><testcase classname="tests.backend_test.TestAdminAuth" name="test_admin_with_bad_token" time="0.085" /><testcase classname="tests.backend_test.TestSubmissions" name="test_submit_job_with_new_fields" time="4.308" /><testcase classname="tests.backend_test.TestNewFields" name="test_admin_create_job_with_collar_trade" time="0.122" /><testcase classname="tests.backend_test.TestNewFields" name="test_admin_create_tender_with_authority_type" time="0.095" /><testcase classname="tests.backend_test.TestUpload" name="test_upload_download" time="0.451" /><testcase classname="tests.backend_test.TestZCleanup" name="test_cleanup_test_prefixed" time="0.286" /><testcase classname="tests.backend_test.TestSubmissions" name="test_submit_tender_minimal" time="0.238" /><testcase classname="tests.backend_test.TestSitemap" name="test_sitemap_xml" time="0.048" /></testsuite></testsuites>