<?xml version="1.0" encoding="utf-8"?><testsuites name="pytest tests"><testsuite name="pytest" errors="0" failures="0" skipped="0" tests="54" time="9.038" timestamp="2026-08-11T19:58:30.272360+00:00" hostname="agent-env-bc42c2c3-563e-4842-bfce-bccd2831c907"><testcase classname="tests.test_phase2_knowledge.TestKnowledgeSubmit" name="test_submit_requires_declaration" time="0.195" /><testcase classname="tests.test_phase2_knowledge.TestKnowledgeSubmit" name="test_submit_requires_content" time="0.101" /><testcase classname="tests.test_phase2_knowledge.TestKnowledgeSubmit" name="test_submit_ok" time="0.300" /><testcase classname="tests.test_phase2_knowledge.TestKnowledgeSubmit" name="test_pending_not_public" time="0.082" /><testcase classname="tests.test_phase2_knowledge.TestKnowledgeAdmin" name="test_admin_lists_pending" time="0.214" /><testcase classname="tests.test_phase2_knowledge.TestKnowledgeAdmin" name="test_admin_publish" time="0.068" /><testcase classname="tests.test_phase2_knowledge.TestKnowledgeAdmin" name="test_public_list_shows_published" time="0.083" /><testcase classname="tests.test_phase2_knowledge.TestKnowledgeAdmin" name="test_public_detail_by_slug" time="0.081" /><testcase classname="tests.test_phase2_knowledge.TestKnowledgeAdmin" name="test_public_detail_by_bnb_id" time="0.098" /><testcase classname="tests.test_phase2_knowledge.TestKnowledgeAdmin" name="test_admin_create_direct" time="0.189" /><testcase classname="tests.test_phase2_knowledge.TestKnowledgeAdmin" name="test_meta_has_knowledge_tags" time="0.077" /><testcase classname="tests.test_phase2_knowledge.TestWorkRequirements" name="test_submit_contact_invalid_rejected" time="0.079" /><testcase classname="tests.test_phase2_knowledge.TestWorkRequirements" name="test_submit_ok_no_contact" time="0.279" /><testcase classname="tests.test_phase2_knowledge.TestWorkRequirements" name="test_submit_ok_with_email" time="0.280" /><testcase classname="tests.test_phase2_knowledge.TestWorkRequirements" name="test_submit_ok_with_10digit_mobile" time="0.163" /><testcase classname="tests.test_phase2_knowledge.TestWorkRequirements" name="test_wr_pending_not_public" time="0.082" /><testcase classname="tests.test_phase2_knowledge.TestWorkRequirements" name="test_admin_approve_wr" time="0.311" /><testcase classname="tests.test_phase2_knowledge.TestJobApplicantUrl" name="test_job_field_present_optional" time="0.083" /><testcase classname="tests.test_phase2_knowledge.TestResumePrivacy" name="test_submit_resume" time="0.081" /><testcase classname="tests.test_phase2_knowledge.TestResumePrivacy" name="test_resume_not_public_endpoints" time="0.081" /><testcase classname="tests.test_phase2_knowledge.TestResumePrivacy" name="test_resume_admin_lists" time="0.064" /><testcase classname="tests.test_phase2_knowledge.TestResumePrivacy" name="test_resume_admin_requires_auth" time="0.115" /><testcase classname="tests.test_phase2_knowledge.TestVendorPrivacy" name="test_submit_vendor" time="0.081" /><testcase classname="tests.test_phase2_knowledge.TestVendorPrivacy" name="test_vendor_not_public_endpoints" time="0.079" /><testcase classname="tests.test_phase2_knowledge.TestVendorPrivacy" name="test_vendor_admin_lists" time="0.071" /><testcase classname="tests.test_phase2_knowledge.TestVendorPrivacy" name="test_vendor_admin_requires_auth" time="0.094" /><testcase classname="tests.test_phase2_knowledge.TestExports" name="test_export_xlsx[jobs]" time="0.068" /><testcase classname="tests.test_phase2_knowledge.TestExports" name="test_export_xlsx[tenders]" time="0.094" /><testcase classname="tests.test_phase2_knowledge.TestExports" name="test_export_xlsx[work-requirements]" time="0.220" /><testcase classname="tests.test_phase2_knowledge.TestExports" name="test_export_xlsx[knowledge]" time="0.078" /><testcase classname="tests.test_phase2_knowledge.TestExports" name="test_export_xlsx[resumes]" time="0.078" /><testcase classname="tests.test_phase2_knowledge.TestExports" name="test_export_xlsx[vendors]" time="0.083" /><testcase classname="tests.test_phase2_knowledge.TestExports" name="test_export_requires_auth" time="0.083" /><testcase classname="tests.test_phase2_knowledge.TestZCleanup" name="test_cleanup" time="0.930" /><testcase classname="tests.backend_test.TestAdminAuth" name="test_admin_jobs_requires_auth" time="0.228" /><testcase classname="tests.backend_test.TestAdminAuth" name="test_admin_tenders_requires_auth" time="0.085" /><testcase classname="tests.backend_test.TestAdminAuth" name="test_admin_login_wrong_password" time="0.086" /><testcase classname="tests.backend_test.TestAdminAuth" name="test_admin_login_success" time="0.081" /><testcase classname="tests.backend_test.TestAdminAuth" name="test_admin_with_token_ok" time="0.300" /><testcase classname="tests.backend_test.TestAdminAuth" name="test_admin_with_bad_token" time="0.086" /><testcase classname="tests.backend_test.TestPublic" name="test_meta" time="0.078" /><testcase classname="tests.backend_test.TestPublic" name="test_list_jobs_public_view" time="0.071" /><testcase classname="tests.backend_test.TestPublic" name="test_list_tenders_default_no_expired" time="0.110" /><testcase classname="tests.backend_test.TestPublic" name="test_list_tenders_include_expired" time="0.091" /><testcase classname="tests.backend_test.TestPublic" name="test_get_job_by_bnb_id" time="0.133" /><testcase classname="tests.backend_test.TestSubmissions" name="test_submit_minimal_kind_only" time="0.186" /><testcase classname="tests.backend_test.TestSubmissions" name="test_minimal_submission_hidden_from_public" time="0.168" /><testcase classname="tests.backend_test.TestSubmissions" name="test_submit_job_with_new_fields" time="0.181" /><testcase classname="tests.backend_test.TestSubmissions" name="test_submit_tender_minimal" time="0.217" /><testcase classname="tests.backend_test.TestNewFields" name="test_admin_create_job_with_collar_trade" time="0.259" /><testcase classname="tests.backend_test.TestNewFields" name="test_admin_create_tender_with_authority_type" time="0.191" /><testcase classname="tests.backend_test.TestSitemap" name="test_sitemap_xml" time="0.135" /><testcase classname="tests.backend_test.TestUpload" name="test_upload_download" time="0.588" /><testcase classname="tests.backend_test.TestZCleanup" name="test_cleanup_test_prefixed" time="0.600" /></testsuite></testsuites>